0 info it worked if it ends with ok
1 verbose cli [ 'node', '/Users/adriengsell/.nvm/v0.10.36/bin/npm', 'install' ]
2 info using npm@2.11.2
3 info using node@v0.10.36
4 verbose readDependencies loading dependencies from /Users/adriengsell/Sources/amecourt/package.json
5 verbose install where, deps [ '/Users/adriengsell/Sources/amecourt',
5 verbose install   [ 'body-parser',
5 verbose install     'bower',
5 verbose install     'bson',
5 verbose install     'compression',
5 verbose install     'cookie-parser',
5 verbose install     'ejs',
5 verbose install     'email-templates',
5 verbose install     'express',
5 verbose install     'formage',
5 verbose install     'glob',
5 verbose install     'method-override',
5 verbose install     'moment',
5 verbose install     'mongoose',
5 verbose install     'mongoose-timestamp',
5 verbose install     'morgan',
5 verbose install     'nodemailer',
5 verbose install     'serve-favicon',
5 verbose install     'sitemap',
5 verbose install     'validator',
5 verbose install     'grunt',
5 verbose install     'grunt-develop',
5 verbose install     'grunt-contrib-watch',
5 verbose install     'grunt-contrib-compass',
5 verbose install     'request',
5 verbose install     'time-grunt',
5 verbose install     'load-grunt-tasks',
5 verbose install     'grunt-contrib-sass' ] ]
6 verbose install where, peers [ '/Users/adriengsell/Sources/amecourt', [] ]
7 verbose installManyTop reading for lifecycle /Users/adriengsell/Sources/amecourt/package.json
8 info preinstall amecourt@0.0.1
9 verbose installManyTop reading scoped package data from /Users/adriengsell/Sources/amecourt/node_modules/body-parser/package.json
10 verbose installManyTop reading scoped package data from /Users/adriengsell/Sources/amecourt/node_modules/bower/package.json
11 verbose installManyTop reading scoped package data from /Users/adriengsell/Sources/amecourt/node_modules/bson/package.json
12 verbose installManyTop reading scoped package data from /Users/adriengsell/Sources/amecourt/node_modules/compression/package.json
13 verbose installManyTop reading scoped package data from /Users/adriengsell/Sources/amecourt/node_modules/cookie-parser/package.json
14 verbose installManyTop reading scoped package data from /Users/adriengsell/Sources/amecourt/node_modules/ejs/package.json
15 verbose installManyTop reading scoped package data from /Users/adriengsell/Sources/amecourt/node_modules/email-templates/package.json
16 verbose installManyTop reading scoped package data from /Users/adriengsell/Sources/amecourt/node_modules/express/package.json
17 verbose installManyTop reading scoped package data from /Users/adriengsell/Sources/amecourt/node_modules/formage/package.json
18 verbose installManyTop reading scoped package data from /Users/adriengsell/Sources/amecourt/node_modules/glob/package.json
19 verbose installManyTop reading scoped package data from /Users/adriengsell/Sources/amecourt/node_modules/grunt/package.json
20 verbose installManyTop reading scoped package data from /Users/adriengsell/Sources/amecourt/node_modules/grunt-contrib-compass/package.json
21 verbose installManyTop reading scoped package data from /Users/adriengsell/Sources/amecourt/node_modules/grunt-contrib-sass/package.json
22 verbose installManyTop reading scoped package data from /Users/adriengsell/Sources/amecourt/node_modules/grunt-contrib-watch/package.json
23 verbose installManyTop reading scoped package data from /Users/adriengsell/Sources/amecourt/node_modules/grunt-develop/package.json
24 verbose installManyTop reading scoped package data from /Users/adriengsell/Sources/amecourt/node_modules/load-grunt-tasks/package.json
25 verbose installManyTop reading scoped package data from /Users/adriengsell/Sources/amecourt/node_modules/method-override/package.json
26 verbose installManyTop reading scoped package data from /Users/adriengsell/Sources/amecourt/node_modules/moment/package.json
27 verbose installManyTop reading scoped package data from /Users/adriengsell/Sources/amecourt/node_modules/mongoose/package.json
28 verbose installManyTop reading scoped package data from /Users/adriengsell/Sources/amecourt/node_modules/mongoose-timestamp/package.json
29 verbose installManyTop reading scoped package data from /Users/adriengsell/Sources/amecourt/node_modules/morgan/package.json
30 verbose installManyTop reading scoped package data from /Users/adriengsell/Sources/amecourt/node_modules/nodemailer/package.json
31 verbose installManyTop reading scoped package data from /Users/adriengsell/Sources/amecourt/node_modules/request/package.json
32 verbose installManyTop reading scoped package data from /Users/adriengsell/Sources/amecourt/node_modules/serve-favicon/package.json
33 verbose installManyTop reading scoped package data from /Users/adriengsell/Sources/amecourt/node_modules/sitemap/package.json
34 verbose installManyTop reading scoped package data from /Users/adriengsell/Sources/amecourt/node_modules/time-grunt/package.json
35 verbose installManyTop reading scoped package data from /Users/adriengsell/Sources/amecourt/node_modules/validator/package.json
36 info package.json bower@1.3.12 No license field.
37 info package.json bson@0.2.15 No license field.
38 info package.json ejs@1.0.0 No license field.
39 info package.json cookie-parser@1.3.3 No license field.
40 info package.json email-templates@1.1.2 No license field.
41 info package.json formage@3.2.21 No license field.
42 info package.json grunt-contrib-compass@0.9.1 No license field.
43 info package.json grunt@0.4.5 No license field.
44 info package.json grunt-contrib-sass@0.8.1 No license field.
45 info package.json grunt-develop@0.4.0 No license field.
46 info package.json grunt-contrib-watch@0.6.1 No license field.
47 info package.json moment@2.8.3 No license field.
48 info package.json mongoose@3.8.18 No license field.
49 info package.json request@2.36.0 license should be a valid SPDX license expression
50 info package.json validator@3.22.1 No license field.
51 info package.json sitemap@0.7.4 No license field.
52 verbose readDependencies loading dependencies from /Users/adriengsell/Sources/amecourt/package.json
53 verbose targetResolver reading package data from /Users/adriengsell/Sources/amecourt/node_modules/body-parser/package.json
54 verbose targetResolver reading package data from /Users/adriengsell/Sources/amecourt/node_modules/bower/package.json
55 verbose targetResolver reading package data from /Users/adriengsell/Sources/amecourt/node_modules/bson/package.json
56 verbose targetResolver reading package data from /Users/adriengsell/Sources/amecourt/node_modules/compression/package.json
57 verbose targetResolver reading package data from /Users/adriengsell/Sources/amecourt/node_modules/cookie-parser/package.json
58 verbose targetResolver reading package data from /Users/adriengsell/Sources/amecourt/node_modules/ejs/package.json
59 verbose targetResolver reading package data from /Users/adriengsell/Sources/amecourt/node_modules/email-templates/package.json
60 verbose targetResolver reading package data from /Users/adriengsell/Sources/amecourt/node_modules/express/package.json
61 verbose targetResolver reading package data from /Users/adriengsell/Sources/amecourt/node_modules/formage/package.json
62 verbose targetResolver reading package data from /Users/adriengsell/Sources/amecourt/node_modules/glob/package.json
63 verbose targetResolver reading package data from /Users/adriengsell/Sources/amecourt/node_modules/grunt/package.json
64 verbose targetResolver reading package data from /Users/adriengsell/Sources/amecourt/node_modules/grunt-contrib-compass/package.json
65 verbose targetResolver reading package data from /Users/adriengsell/Sources/amecourt/node_modules/grunt-contrib-sass/package.json
66 verbose targetResolver reading package data from /Users/adriengsell/Sources/amecourt/node_modules/grunt-contrib-watch/package.json
67 verbose targetResolver reading package data from /Users/adriengsell/Sources/amecourt/node_modules/grunt-develop/package.json
68 verbose targetResolver reading package data from /Users/adriengsell/Sources/amecourt/node_modules/load-grunt-tasks/package.json
69 verbose targetResolver reading package data from /Users/adriengsell/Sources/amecourt/node_modules/method-override/package.json
70 verbose targetResolver reading package data from /Users/adriengsell/Sources/amecourt/node_modules/moment/package.json
71 verbose targetResolver reading package data from /Users/adriengsell/Sources/amecourt/node_modules/mongoose/package.json
72 verbose targetResolver reading package data from /Users/adriengsell/Sources/amecourt/node_modules/mongoose-timestamp/package.json
73 verbose targetResolver reading package data from /Users/adriengsell/Sources/amecourt/node_modules/morgan/package.json
74 verbose targetResolver reading package data from /Users/adriengsell/Sources/amecourt/node_modules/nodemailer/package.json
75 verbose targetResolver reading package data from /Users/adriengsell/Sources/amecourt/node_modules/request/package.json
76 verbose targetResolver reading package data from /Users/adriengsell/Sources/amecourt/node_modules/serve-favicon/package.json
77 verbose targetResolver reading package data from /Users/adriengsell/Sources/amecourt/node_modules/sitemap/package.json
78 verbose targetResolver reading package data from /Users/adriengsell/Sources/amecourt/node_modules/time-grunt/package.json
79 verbose targetResolver reading package data from /Users/adriengsell/Sources/amecourt/node_modules/validator/package.json
80 verbose targetResolver reading package data from /Users/adriengsell/Sources/amecourt/node_modules/.bin/bower/package.json
81 verbose already installed skipping mongoose@~3.8.12 /Users/adriengsell/Sources/amecourt
82 verbose already installed skipping mongoose-timestamp@^0.3.0 /Users/adriengsell/Sources/amecourt
83 verbose already installed skipping morgan@~1.1.1 /Users/adriengsell/Sources/amecourt
84 verbose already installed skipping nodemailer@^1.3.0 /Users/adriengsell/Sources/amecourt
85 verbose already installed skipping serve-favicon@~2.0.1 /Users/adriengsell/Sources/amecourt
86 verbose already installed skipping sitemap@^0.7.4 /Users/adriengsell/Sources/amecourt
87 verbose already installed skipping validator@^3.22.1 /Users/adriengsell/Sources/amecourt
88 verbose already installed skipping grunt@~0.4.5 /Users/adriengsell/Sources/amecourt
89 verbose already installed skipping grunt-develop@~0.4.0 /Users/adriengsell/Sources/amecourt
90 verbose already installed skipping grunt-contrib-watch@~0.6.1 /Users/adriengsell/Sources/amecourt
91 verbose already installed skipping grunt-contrib-compass@~0.9.0 /Users/adriengsell/Sources/amecourt
92 verbose already installed skipping request@~2.36.0 /Users/adriengsell/Sources/amecourt
93 verbose already installed skipping time-grunt@~0.3.2 /Users/adriengsell/Sources/amecourt
94 verbose already installed skipping load-grunt-tasks@~0.6.0 /Users/adriengsell/Sources/amecourt
95 verbose already installed skipping grunt-contrib-sass@~0.8.1 /Users/adriengsell/Sources/amecourt
96 verbose already installed skipping body-parser@~1.4.3 /Users/adriengsell/Sources/amecourt
97 verbose already installed skipping bower@^1.3.12 /Users/adriengsell/Sources/amecourt
98 verbose already installed skipping bson@^0.2.15 /Users/adriengsell/Sources/amecourt
99 verbose already installed skipping compression@~1.0.8 /Users/adriengsell/Sources/amecourt
100 verbose already installed skipping cookie-parser@~1.3.2 /Users/adriengsell/Sources/amecourt
101 verbose already installed skipping ejs@~1.0.0 /Users/adriengsell/Sources/amecourt
102 verbose already installed skipping email-templates@^1.1.2 /Users/adriengsell/Sources/amecourt
103 verbose already installed skipping express@~4.2.0 /Users/adriengsell/Sources/amecourt
104 silly cache add args [ 'formage@git://github.com/TheNodeILs/formage.git', null ]
105 verbose cache add spec formage@git://github.com/TheNodeILs/formage.git
106 verbose already installed skipping glob@~4.0.5 /Users/adriengsell/Sources/amecourt
107 verbose already installed skipping method-override@~2.1.1 /Users/adriengsell/Sources/amecourt
108 verbose already installed skipping moment@^2.8.3 /Users/adriengsell/Sources/amecourt
109 silly cache add parsed spec { raw: 'formage@git://github.com/TheNodeILs/formage.git',
109 silly cache add   scope: null,
109 silly cache add   name: 'formage',
109 silly cache add   rawSpec: 'git://github.com/TheNodeILs/formage.git',
109 silly cache add   spec: 'git://github.com/TheNodeILs/formage.git',
109 silly cache add   type: 'hosted',
109 silly cache add   hosted:
109 silly cache add    { type: 'github',
109 silly cache add      ssh: 'git@github.com:TheNodeILs/formage.git',
109 silly cache add      sshUrl: 'git+ssh://git@github.com/TheNodeILs/formage.git',
109 silly cache add      httpsUrl: 'git+https://github.com/TheNodeILs/formage.git',
109 silly cache add      gitUrl: 'git://github.com/TheNodeILs/formage.git',
109 silly cache add      shortcut: 'github:TheNodeILs/formage',
109 silly cache add      directUrl: 'https://raw.githubusercontent.com/TheNodeILs/formage/master/package.json' } }
110 verbose addRemoteGit caching git://github.com/TheNodeILs/formage.git
111 verbose addRemoteGit git://github.com/TheNodeILs/formage.git is a repository hosted by github
112 silly tryClone cloning git://github.com/TheNodeILs/formage.git via git://github.com/TheNodeILs/formage.git
113 verbose tryClone git-github-com-TheNodeILs-formage-git-4f0e0847 not in flight; caching
114 info git [ 'clone',
114 info git   '--template=/Users/adriengsell/.npm/_git-remotes/_templates',
114 info git   '--mirror',
114 info git   'git://github.com/TheNodeILs/formage.git',
114 info git   '/Users/adriengsell/.npm/_git-remotes/git-github-com-TheNodeILs-formage-git-4f0e0847' ]
115 error git clone --template=/Users/adriengsell/.npm/_git-remotes/_templates --mirror git://github.com/TheNodeILs/formage.git /Users/adriengsell/.npm/_git-remotes/git-github-com-TheNodeILs-formage-git-4f0e0847: Cloning into bare repository '/Users/adriengsell/.npm/_git-remotes/git-github-com-TheNodeILs-formage-git-4f0e0847'...
115 error git clone --template=/Users/adriengsell/.npm/_git-remotes/_templates --mirror git://github.com/TheNodeILs/formage.git /Users/adriengsell/.npm/_git-remotes/git-github-com-TheNodeILs-formage-git-4f0e0847: fatal: remote error:
115 error git clone --template=/Users/adriengsell/.npm/_git-remotes/_templates --mirror git://github.com/TheNodeILs/formage.git /Users/adriengsell/.npm/_git-remotes/git-github-com-TheNodeILs-formage-git-4f0e0847:   Repository not found.
116 verbose stack Error: Command failed: Cloning into bare repository '/Users/adriengsell/.npm/_git-remotes/git-github-com-TheNodeILs-formage-git-4f0e0847'...
116 verbose stack fatal: remote error:
116 verbose stack   Repository not found.
116 verbose stack
116 verbose stack     at ChildProcess.exithandler (child_process.js:658:15)
116 verbose stack     at ChildProcess.emit (events.js:98:17)
116 verbose stack     at maybeClose (child_process.js:766:16)
116 verbose stack     at Socket.<anonymous> (child_process.js:979:11)
116 verbose stack     at Socket.emit (events.js:95:17)
116 verbose stack     at Pipe.close (net.js:466:12)
117 verbose cwd /Users/adriengsell/Sources/amecourt
118 error Darwin 15.2.0
119 error argv "node" "/Users/adriengsell/.nvm/v0.10.36/bin/npm" "install"
120 error node v0.10.36
121 error npm  v2.11.2
122 error code 128
123 error Command failed: Cloning into bare repository '/Users/adriengsell/.npm/_git-remotes/git-github-com-TheNodeILs-formage-git-4f0e0847'...
123 error fatal: remote error:
123 error   Repository not found.
124 error If you need help, you may report this error at:
124 error     <https://github.com/npm/npm/issues>
125 verbose exit [ 1, true ]
